<?xml version="1.0" encoding="UTF-8"?>
<!-- Generated by org.testng.reporters.JUnitReportReporter -->
<testsuite skipped="0" hostname="LAPTOP-434HGMQB" name="com.ys.h2hdrx.webmodule.RxfillAlert" tests="1" failures="0" timestamp="2 Aug 2021 08:23:11 GMT" time="8.980" errors="0">
  <testcase name="Rxfillalertview" time="8.980" classname="com.ys.h2hdrx.webmodule.RxfillAlert"/>
</testsuite> <!-- com.ys.h2hdrx.webmodule.RxfillAlert -->
