<?xml version="1.0" encoding="UTF-8"?>
<!-- Generated by org.testng.reporters.JUnitReportReporter -->
<testsuite skipped="0" hostname="LAPTOP-434HGMQB" name="com.ys.h2hdrx.webmodule.Rxpad" tests="2" failures="0" timestamp="31 Jul 2021 05:37:49 GMT" time="193.382" errors="0">
  <testcase name="Confirmprescription" time="167.991" classname="com.ys.h2hdrx.webmodule.Rxpad"/>
  <testcase name="sendtopharmacy" time="25.391" classname="com.ys.h2hdrx.webmodule.Rxpad"/>
</testsuite> <!-- com.ys.h2hdrx.webmodule.Rxpad -->
