<?xml version="1.0" encoding="UTF-8"?>
<!-- Generated by org.testng.reporters.JUnitReportReporter -->
<testsuite skipped="0" hostname="LAPTOP-434HGMQB" name="com.ys.h2hdrx.webmodule.PatientSearch" tests="1" failures="0" timestamp="19 Nov 2021 07:19:16 GMT" time="31.253" errors="0">
  <testcase name="patientSearch" time="31.253" classname="com.ys.h2hdrx.webmodule.PatientSearch"/>
</testsuite> <!-- com.ys.h2hdrx.webmodule.PatientSearch -->
