<?xml version="1.0" encoding="UTF-8"?>
<!-- Generated by org.testng.reporters.JUnitReportReporter -->
<testsuite skipped="0" hostname="LAPTOP-434HGMQB" name="com.ys.h2hdrx.webmodule.Rxfill" tests="1" failures="0" timestamp="2 Aug 2021 08:25:04 GMT" time="8.238" errors="0">
  <testcase name="Rxfill_view" time="8.238" classname="com.ys.h2hdrx.webmodule.Rxfill"/>
</testsuite> <!-- com.ys.h2hdrx.webmodule.Rxfill -->
