<?xml version="1.0" encoding="UTF-8"?>
<!-- Generated by org.testng.reporters.JUnitReportReporter -->
<testsuite skipped="0" hostname="LAPTOP-434HGMQB" name="com.ys.h2hdrx.webmodule.PendingRefills" tests="3" failures="0" timestamp="2 Aug 2021 04:48:26 GMT" time="55.212" errors="0">
  <testcase name="Refilldeniedaction" time="6.321" classname="com.ys.h2hdrx.webmodule.PendingRefills"/>
  <testcase name="RefillReplaceaction" time="36.006" classname="com.ys.h2hdrx.webmodule.PendingRefills"/>
  <testcase name="RefillApproveaction" time="12.885" classname="com.ys.h2hdrx.webmodule.PendingRefills"/>
</testsuite> <!-- com.ys.h2hdrx.webmodule.PendingRefills -->
