<?xml version="1.0" encoding="UTF-8"?>
<!-- Generated by org.testng.reporters.JUnitReportReporter -->
<testsuite skipped="0" hostname="LAPTOP-434HGMQB" name="com.ys.h2hdrx.webmodule.PendingRefillAlerts" tests="3" failures="0" timestamp="17 Nov 2021 12:07:27 GMT" time="41.300" errors="0">
  <testcase name="RefillAlertApproveaction" time="14.373" classname="com.ys.h2hdrx.webmodule.PendingRefillAlerts"/>
  <testcase name="RefillAlertReplaceaction" time="8.869" classname="com.ys.h2hdrx.webmodule.PendingRefillAlerts"/>
  <testcase name="RefillAlertdeniedaction" time="18.058" classname="com.ys.h2hdrx.webmodule.PendingRefillAlerts"/>
</testsuite> <!-- com.ys.h2hdrx.webmodule.PendingRefillAlerts -->
