<?xml version="1.0" encoding="UTF-8"?>
<!-- Generated by org.testng.reporters.JUnitReportReporter -->
<testsuite skipped="0" hostname="LAPTOP-434HGMQB" name="com.ys.h2hdrx.webmodule.Initiate_epa" tests="1" failures="0" timestamp="19 Nov 2021 08:37:24 GMT" time="6.158" errors="0">
  <testcase name="BenefitpatientSearch" time="6.158" classname="com.ys.h2hdrx.webmodule.Initiate_epa"/>
</testsuite> <!-- com.ys.h2hdrx.webmodule.Initiate_epa -->
