<?xml version="1.0" encoding="UTF-8"?>
<!-- Generated by org.testng.reporters.JUnitReportReporter -->
<testsuite skipped="0" hostname="LAPTOP-434HGMQB" name="com.ys.h2hdrx.webmodule.PendingRefillAlerts" tests="3" failures="0" timestamp="2 Aug 2021 05:04:54 GMT" time="27.311" errors="0">
  <testcase name="RefillAlertReplaceaction" time="2.940" classname="com.ys.h2hdrx.webmodule.PendingRefillAlerts"/>
  <testcase name="RefillAlertApproveaction" time="2.990" classname="com.ys.h2hdrx.webmodule.PendingRefillAlerts"/>
  <testcase name="RefillAlertdeniedaction" time="21.381" classname="com.ys.h2hdrx.webmodule.PendingRefillAlerts"/>
</testsuite> <!-- com.ys.h2hdrx.webmodule.PendingRefillAlerts -->
